  [1m[36m (181.2ms)[0m  [1mCREATE TABLE "schema_migrations" ("version" varchar NOT NULL) [0m
  [1m[35m (0.1ms)[0m  select sqlite_version(*)
  [1m[36m (188.4ms)[0m  [1mCREATE UNIQUE INDEX "unique_schema_migrations" ON "schema_migrations" ("version")[0m
  [1m[35mActiveRecord::SchemaMigration Load (0.1ms)[0m  SELECT "schema_migrations".* FROM "schema_migrations"
Migrating to DeviseCreateUsers (20140515190128)
  [1m[36m (0.1ms)[0m  [1mbegin transaction[0m
DEPRECATION WARNING: `#timestamps` was called without specifying an option for `null`. In Rails 5, this behavior will change to `null: false`. You should manually specify `null: true` to prevent the behavior of your existing migrations from changing. (called from block in change at /home/nagender/rails_projects/demo/db/migrate/20140515190128_devise_create_users.rb:34)
  [1m[35m (0.6ms)[0m  CREATE TABLE "users" ("id" INTEGER PRIMARY KEY AUTOINCREMENT NOT NULL, "email" varchar DEFAULT '' NOT NULL, "encrypted_password" varchar DEFAULT '' NOT NULL, "reset_password_token" varchar, "reset_password_sent_at" datetime, "remember_created_at" datetime, "sign_in_count" integer DEFAULT 0 NOT NULL, "current_sign_in_at" datetime, "last_sign_in_at" datetime, "current_sign_in_ip" varchar, "last_sign_in_ip" varchar, "created_at" datetime, "updated_at" datetime) 
  [1m[36m (0.3ms)[0m  [1mCREATE UNIQUE INDEX "index_users_on_email" ON "users" ("email")[0m
  [1m[35m (0.1ms)[0m              SELECT sql
            FROM sqlite_master
            WHERE name='index_users_on_email' AND type='index'
            UNION ALL
            SELECT sql
            FROM sqlite_temp_master
            WHERE name='index_users_on_email' AND type='index'

  [1m[36m (0.3ms)[0m  [1mCREATE UNIQUE INDEX "index_users_on_reset_password_token" ON "users" ("reset_password_token")[0m
  [1m[35mSQL (0.2ms)[0m  INSERT INTO "schema_migrations" ("version") VALUES (?)  [["version", "20140515190128"]]
  [1m[36m (158.5ms)[0m  [1mcommit transaction[0m
Migrating to AddDeviseTwoFactorToUsers (20140516191259)
  [1m[35m (0.1ms)[0m  begin transaction
  [1m[36m (20.0ms)[0m  [1mALTER TABLE "users" ADD "encrypted_otp_secret" varchar[0m
  [1m[35m (0.4ms)[0m  ALTER TABLE "users" ADD "encrypted_otp_secret_iv" varchar
  [1m[36m (0.3ms)[0m  [1mALTER TABLE "users" ADD "encrypted_otp_secret_salt" varchar[0m
  [1m[35m (0.3ms)[0m  ALTER TABLE "users" ADD "consumed_timestep" integer
  [1m[36m (0.4ms)[0m  [1mALTER TABLE "users" ADD "otp_required_for_login" boolean[0m
  [1m[35mSQL (0.2ms)[0m  INSERT INTO "schema_migrations" ("version") VALUES (?)  [["version", "20140516191259"]]
  [1m[36m (186.8ms)[0m  [1mcommit transaction[0m
  [1m[35mActiveRecord::SchemaMigration Load (0.1ms)[0m  SELECT "schema_migrations".* FROM "schema_migrations"
  [1m[36m (0.2ms)[0m  [1m            SELECT sql
            FROM sqlite_master
            WHERE name='index_users_on_reset_password_token' AND type='index'
            UNION ALL
            SELECT sql
            FROM sqlite_temp_master
            WHERE name='index_users_on_reset_password_token' AND type='index'
[0m
  [1m[35m (0.1ms)[0m              SELECT sql
            FROM sqlite_master
            WHERE name='index_users_on_email' AND type='index'
            UNION ALL
            SELECT sql
            FROM sqlite_temp_master
            WHERE name='index_users_on_email' AND type='index'



Started GET "/" for 127.0.0.1 at 2017-09-25 22:56:31 +0530
  [1m[36mActiveRecord::SchemaMigration Load (0.1ms)[0m  [1mSELECT "schema_migrations".* FROM "schema_migrations"[0m
Processing by HomeController#index as HTML
  Rendered home/index.html.erb within layouts/application (10.4ms)
Completed 200 OK in 6245ms (Views: 6224.2ms | ActiveRecord: 0.0ms)


Started GET "/assets/home.css?body=1" for 127.0.0.1 at 2017-09-25 22:56:37 +0530


Started GET "/assets/application.css?body=1" for 127.0.0.1 at 2017-09-25 22:56:37 +0530


Started GET "/assets/jquery.js?body=1" for 127.0.0.1 at 2017-09-25 22:56:37 +0530


Started GET "/assets/home.js?body=1" for 127.0.0.1 at 2017-09-25 22:56:37 +0530


Started GET "/assets/turbolinks.js?body=1" for 127.0.0.1 at 2017-09-25 22:56:37 +0530


Started GET "/assets/jquery_ujs.js?body=1" for 127.0.0.1 at 2017-09-25 22:56:37 +0530


Started GET "/assets/application.js?body=1" for 127.0.0.1 at 2017-09-25 22:56:37 +0530


Started GET "/users/sign_up" for 127.0.0.1 at 2017-09-25 22:56:42 +0530
Processing by Devise::RegistrationsController#new as HTML
  Rendered devise/shared/_links.erb (2.2ms)
  Rendered devise/registrations/new.html.erb within layouts/application (312.6ms)
Completed 200 OK in 440ms (Views: 417.5ms | ActiveRecord: 0.4ms)


Started GET "/users/sign_in" for 127.0.0.1 at 2017-09-25 22:56:48 +0530
Processing by Devise::SessionsController#new as HTML
  Rendered devise/shared/_links.erb (0.7ms)
  Rendered devise/sessions/new.html.erb within layouts/application (8.1ms)
Completed 200 OK in 153ms (Views: 151.4ms | ActiveRecord: 0.0ms)


Started GET "/users/sign_up" for 127.0.0.1 at 2017-09-25 22:56:59 +0530
Processing by Devise::RegistrationsController#new as HTML
  Rendered devise/shared/_links.erb (0.5ms)
  Rendered devise/registrations/new.html.erb within layouts/application (7.7ms)
Completed 200 OK in 63ms (Views: 61.9ms | ActiveRecord: 0.0ms)


Started POST "/users" for 127.0.0.1 at 2017-09-25 22:57:56 +0530
Processing by Devise::RegistrationsController#create as HTML
  Parameters: {"utf8"=>"✓", "authenticity_token"=>"j8drpBXnor4nNmQdz/PNDeHN7zdAgLGP+HNZ7WUedNrxI9AJTN1CkiEEXPzZg7xpfwzUQR3RgClEZD1JMoY2ww==", "user"=>{"email"=>"nagendra@gmail.com", "password"=>"[FILTERED]", "password_confirmation"=>"[FILTERED]"}, "commit"=>"Sign up"}
  [1m[35m (0.1ms)[0m  begin transaction
  [1m[36mUser Exists (0.2ms)[0m  [1mSELECT  1 AS one FROM "users" WHERE "users"."email" = 'nagendra@gmail.com' LIMIT 1[0m
  [1m[35mSQL (0.4ms)[0m  INSERT INTO "users" ("email", "encrypted_password", "created_at", "updated_at") VALUES (?, ?, ?, ?)  [["email", "nagendra@gmail.com"], ["encrypted_password", "$2a$10$qNGHi48.mYJtJsK99EJsHu1jaQkzcvrVKNkmokA1XsrAb4YElh1Ha"], ["created_at", "2017-09-25 17:27:57.202613"], ["updated_at", "2017-09-25 17:27:57.202613"]]
  [1m[36m (329.7ms)[0m  [1mcommit transaction[0m
  [1m[35m (0.1ms)[0m  begin transaction
  [1m[36mSQL (0.3ms)[0m  [1mUPDATE "users" SET "last_sign_in_at" = ?, "current_sign_in_at" = ?, "last_sign_in_ip" = ?, "current_sign_in_ip" = ?, "sign_in_count" = ?, "updated_at" = ? WHERE "users"."id" = ?[0m  [["last_sign_in_at", "2017-09-25 17:27:57.535823"], ["current_sign_in_at", "2017-09-25 17:27:57.535823"], ["last_sign_in_ip", "127.0.0.1"], ["current_sign_in_ip", "127.0.0.1"], ["sign_in_count", 1], ["updated_at", "2017-09-25 17:27:57.581557"], ["id", 1]]
  [1m[35m (414.1ms)[0m  commit transaction
Redirected to http://localhost:3000/
Completed 302 Found in 1828ms (ActiveRecord: 745.4ms)


Started GET "/" for 127.0.0.1 at 2017-09-25 22:57:58 +0530
Processing by HomeController#index as HTML
  [1m[36mUser Load (0.3ms)[0m  [1mSELECT  "users".* FROM "users" WHERE "users"."id" = ?  ORDER BY "users"."id" ASC LIMIT 1[0m  [["id", 1]]
  Rendered home/index.html.erb within layouts/application (2.5ms)
Completed 200 OK in 84ms (Views: 82.7ms | ActiveRecord: 0.3ms)


Started GET "/assets/jquery.js?body=1" for 127.0.0.1 at 2017-09-25 22:57:58 +0530


Started GET "/assets/jquery_ujs.js?body=1" for 127.0.0.1 at 2017-09-25 22:57:58 +0530


Started POST "/users/enable_otp" for 127.0.0.1 at 2017-09-25 22:58:03 +0530
Processing by UsersController#enable_otp as HTML
  Parameters: {"authenticity_token"=>"IUL3HiflzeXhJLg+ise51J87BlK0i0uk0aQxsRE+fXRfpkyzft8tyecWgN+ct8iwAfo9JOnaegJts1UVRqY/bQ=="}
  [1m[35mUser Load (0.2ms)[0m  SELECT  "users".* FROM "users" WHERE "users"."id" = ?  ORDER BY "users"."id" ASC LIMIT 1  [["id", 1]]
Completed 500 Internal Server Error in 4ms (ActiveRecord: 0.2ms)

ArgumentError (must specify a key):
  app/controllers/users_controller.rb:9:in `enable_otp'


  Rendered /home/nagender/.rvm/gems/ruby-2.1.5/gems/actionpack-4.2.7.1/lib/action_dispatch/middleware/templates/rescues/_source.erb (7.8ms)
  Rendered /home/nagender/.rvm/gems/ruby-2.1.5/gems/actionpack-4.2.7.1/lib/action_dispatch/middleware/templates/rescues/_trace.html.erb (3.1ms)
  Rendered /home/nagender/.rvm/gems/ruby-2.1.5/gems/actionpack-4.2.7.1/lib/action_dispatch/middleware/templates/rescues/_request_and_response.html.erb (2.6ms)
  Rendered /home/nagender/.rvm/gems/ruby-2.1.5/gems/actionpack-4.2.7.1/lib/action_dispatch/middleware/templates/rescues/diagnostics.html.erb within rescues/layout (32.7ms)


Started GET "/" for 127.0.0.1 at 2017-09-25 23:05:35 +0530
  [1m[36mActiveRecord::SchemaMigration Load (0.1ms)[0m  [1mSELECT "schema_migrations".* FROM "schema_migrations"[0m
Processing by HomeController#index as HTML
  [1m[35mUser Load (0.3ms)[0m  SELECT  "users".* FROM "users" WHERE "users"."id" = ?  ORDER BY "users"."id" ASC LIMIT 1  [["id", 1]]
  Rendered home/index.html.erb within layouts/application (106.2ms)
Completed 200 OK in 378ms (Views: 356.0ms | ActiveRecord: 0.8ms)


Started GET "/assets/jquery_ujs.js?body=1" for 127.0.0.1 at 2017-09-25 23:05:35 +0530


Started GET "/assets/jquery.js?body=1" for 127.0.0.1 at 2017-09-25 23:05:36 +0530


Started POST "/users/enable_otp" for 127.0.0.1 at 2017-09-25 23:05:38 +0530
Processing by UsersController#enable_otp as HTML
  Parameters: {"authenticity_token"=>"UzNHhSzBDEVq1r9htiTDUfplCUXtaFgJlJOzvN1Z/RYt1/wodfvsaWzkh4CgVLI1ZKQyM7A5aa8ohNcYisG/Dw=="}
  [1m[36mUser Load (0.1ms)[0m  [1mSELECT  "users".* FROM "users" WHERE "users"."id" = ?  ORDER BY "users"."id" ASC LIMIT 1[0m  [["id", 1]]
Completed 500 Internal Server Error in 3ms (ActiveRecord: 0.1ms)

ArgumentError (must specify a key):
  app/controllers/users_controller.rb:9:in `enable_otp'


  Rendered /home/nagender/.rvm/gems/ruby-2.1.5/gems/actionpack-4.2.7.1/lib/action_dispatch/middleware/templates/rescues/_source.erb (7.7ms)
  Rendered /home/nagender/.rvm/gems/ruby-2.1.5/gems/actionpack-4.2.7.1/lib/action_dispatch/middleware/templates/rescues/_trace.html.erb (3.4ms)
  Rendered /home/nagender/.rvm/gems/ruby-2.1.5/gems/actionpack-4.2.7.1/lib/action_dispatch/middleware/templates/rescues/_request_and_response.html.erb (1.6ms)
  Rendered /home/nagender/.rvm/gems/ruby-2.1.5/gems/actionpack-4.2.7.1/lib/action_dispatch/middleware/templates/rescues/diagnostics.html.erb within rescues/layout (31.9ms)


Started DELETE "/users/sign_out" for 127.0.0.1 at 2017-09-25 23:14:44 +0530
Processing by Devise::SessionsController#destroy as HTML
  Parameters: {"authenticity_token"=>"UzNHhSzBDEVq1r9htiTDUfplCUXtaFgJlJOzvN1Z/RYt1/wodfvsaWzkh4CgVLI1ZKQyM7A5aa8ohNcYisG/Dw=="}
  [1m[35mUser Load (0.4ms)[0m  SELECT  "users".* FROM "users" WHERE "users"."id" = ?  ORDER BY "users"."id" ASC LIMIT 1  [["id", 1]]
  [1m[36m (0.2ms)[0m  [1mbegin transaction[0m
  [1m[35m (0.1ms)[0m  commit transaction
Redirected to http://localhost:3000/
Completed 302 Found in 141ms (ActiveRecord: 1.1ms)


Started GET "/" for 127.0.0.1 at 2017-09-25 23:14:45 +0530
Processing by HomeController#index as HTML
  Rendered home/index.html.erb within layouts/application (8.7ms)
Completed 200 OK in 83ms (Views: 82.6ms | ActiveRecord: 0.0ms)


Started GET "/assets/jquery.js?body=1" for 127.0.0.1 at 2017-09-25 23:14:45 +0530


Started GET "/assets/jquery_ujs.js?body=1" for 127.0.0.1 at 2017-09-25 23:14:45 +0530


Started GET "/users/sign_up" for 127.0.0.1 at 2017-09-25 23:14:47 +0530
Processing by Devise::RegistrationsController#new as HTML
  Rendered devise/shared/_links.erb (1.5ms)
  Rendered devise/registrations/new.html.erb within layouts/application (125.1ms)
Completed 200 OK in 202ms (Views: 199.6ms | ActiveRecord: 0.0ms)


Started POST "/users" for 127.0.0.1 at 2017-09-25 23:15:17 +0530
Processing by Devise::RegistrationsController#create as HTML
  Parameters: {"utf8"=>"✓", "authenticity_token"=>"cfAwGzzoI8N16rnFPPN9Yy8dwOmjfRPgKWk98WIf5T2YMppr3pr6F2WW5rWlEyzz/AaGvC9akodHJc9Wz6TOyw==", "user"=>{"email"=>"nagendrababu0701@gmail.com", "password"=>"[FILTERED]", "password_confirmation"=>"[FILTERED]"}, "commit"=>"Sign up"}
  [1m[36m (0.1ms)[0m  [1mbegin transaction[0m
  [1m[35mUser Exists (0.2ms)[0m  SELECT  1 AS one FROM "users" WHERE "users"."email" = 'nagendrababu0701@gmail.com' LIMIT 1
  [1m[36mSQL (14.1ms)[0m  [1mINSERT INTO "users" ("email", "encrypted_password", "created_at", "updated_at") VALUES (?, ?, ?, ?)[0m  [["email", "nagendrababu0701@gmail.com"], ["encrypted_password", "$2a$10$oAeeERt4tAvrgD1p4ad66OrcEou1.di1CGX88duNSQRcEWaT2zpci"], ["created_at", "2017-09-25 17:45:17.995600"], ["updated_at", "2017-09-25 17:45:17.995600"]]
  [1m[35m (196.1ms)[0m  commit transaction
  [1m[36m (0.1ms)[0m  [1mbegin transaction[0m
  [1m[35mSQL (0.7ms)[0m  UPDATE "users" SET "last_sign_in_at" = ?, "current_sign_in_at" = ?, "last_sign_in_ip" = ?, "current_sign_in_ip" = ?, "sign_in_count" = ?, "updated_at" = ? WHERE "users"."id" = ?  [["last_sign_in_at", "2017-09-25 17:45:18.208558"], ["current_sign_in_at", "2017-09-25 17:45:18.208558"], ["last_sign_in_ip", "127.0.0.1"], ["current_sign_in_ip", "127.0.0.1"], ["sign_in_count", 1], ["updated_at", "2017-09-25 17:45:18.222147"], ["id", 2]]
  [1m[36m (191.7ms)[0m  [1mcommit transaction[0m
Redirected to http://localhost:3000/
Completed 302 Found in 1106ms (ActiveRecord: 402.9ms)


Started GET "/" for 127.0.0.1 at 2017-09-25 23:15:18 +0530
Processing by HomeController#index as HTML
  [1m[35mUser Load (0.2ms)[0m  SELECT  "users".* FROM "users" WHERE "users"."id" = ?  ORDER BY "users"."id" ASC LIMIT 1  [["id", 2]]
  Rendered home/index.html.erb within layouts/application (2.4ms)
Completed 200 OK in 59ms (Views: 56.8ms | ActiveRecord: 0.2ms)


Started GET "/assets/jquery.js?body=1" for 127.0.0.1 at 2017-09-25 23:15:18 +0530


Started GET "/assets/jquery_ujs.js?body=1" for 127.0.0.1 at 2017-09-25 23:15:18 +0530


Started POST "/users/enable_otp" for 127.0.0.1 at 2017-09-25 23:15:33 +0530
Processing by UsersController#enable_otp as HTML
  Parameters: {"authenticity_token"=>"sg86HlJJeDkXwkMSEZd6ocX91GD9lVhQtc0G0fzDYopbzZBusDuh7Qe+HGKIdysxFuaSNXGy2TfbgfR2UXhJfA=="}
  [1m[36mUser Load (0.1ms)[0m  [1mSELECT  "users".* FROM "users" WHERE "users"."id" = ?  ORDER BY "users"."id" ASC LIMIT 1[0m  [["id", 2]]
Completed 500 Internal Server Error in 4ms (ActiveRecord: 0.1ms)

ArgumentError (must specify a key):
  app/controllers/users_controller.rb:9:in `enable_otp'


  Rendered /home/nagender/.rvm/gems/ruby-2.1.5/gems/actionpack-4.2.7.1/lib/action_dispatch/middleware/templates/rescues/_source.erb (8.6ms)
  Rendered /home/nagender/.rvm/gems/ruby-2.1.5/gems/actionpack-4.2.7.1/lib/action_dispatch/middleware/templates/rescues/_trace.html.erb (3.5ms)
  Rendered /home/nagender/.rvm/gems/ruby-2.1.5/gems/actionpack-4.2.7.1/lib/action_dispatch/middleware/templates/rescues/_request_and_response.html.erb (1.9ms)
  Rendered /home/nagender/.rvm/gems/ruby-2.1.5/gems/actionpack-4.2.7.1/lib/action_dispatch/middleware/templates/rescues/diagnostics.html.erb within rescues/layout (32.4ms)


Started GET "/" for 127.0.0.1 at 2018-07-04 14:36:19 +0530
  [1m[36mActiveRecord::SchemaMigration Load (0.2ms)[0m  [1mSELECT "schema_migrations".* FROM "schema_migrations"[0m
Processing by HomeController#index as HTML
  Rendered home/index.html.erb within layouts/application (25.1ms)
Completed 200 OK in 1592ms (Views: 1439.3ms | ActiveRecord: 0.0ms)


Started GET "/assets/home.css?body=1" for 127.0.0.1 at 2018-07-04 14:36:21 +0530


Started GET "/assets/application.css?body=1" for 127.0.0.1 at 2018-07-04 14:36:21 +0530


Started GET "/assets/jquery.js?body=1" for 127.0.0.1 at 2018-07-04 14:36:21 +0530


Started GET "/assets/jquery_ujs.js?body=1" for 127.0.0.1 at 2018-07-04 14:36:21 +0530


Started GET "/assets/turbolinks.js?body=1" for 127.0.0.1 at 2018-07-04 14:36:21 +0530


Started GET "/assets/home.js?body=1" for 127.0.0.1 at 2018-07-04 14:36:21 +0530


Started GET "/assets/application.js?body=1" for 127.0.0.1 at 2018-07-04 14:36:21 +0530


Started GET "/users/sign_up" for 127.0.0.1 at 2018-07-04 14:36:25 +0530
Processing by Devise::RegistrationsController#new as HTML
  Rendered devise/shared/_links.erb (1.8ms)
  Rendered devise/registrations/new.html.erb within layouts/application (1198.0ms)
Completed 200 OK in 1365ms (Views: 1312.3ms | ActiveRecord: 0.4ms)


Started POST "/users" for 127.0.0.1 at 2018-07-04 14:36:54 +0530
Processing by Devise::RegistrationsController#create as HTML
  Parameters: {"utf8"=>"✓", "authenticity_token"=>"Z9cocpoEIsnNFUnkhpBuc0Fs8Lratg5cFcCbrvBFyOZwZxaYQIkp39XcJrhH9BMzIXbS2jLkdnany1R/7zKY0g==", "user"=>{"email"=>"nag@gmail.com", "password"=>"[FILTERED]", "password_confirmation"=>"[FILTERED]"}, "commit"=>"Sign up"}
  [1m[35m (0.1ms)[0m  begin transaction
  [1m[36mUser Exists (0.2ms)[0m  [1mSELECT  1 AS one FROM "users" WHERE "users"."email" = 'nag@gmail.com' LIMIT 1[0m
  [1m[35m (0.1ms)[0m  rollback transaction
  Rendered devise/shared/_links.erb (0.4ms)
  Rendered devise/registrations/new.html.erb within layouts/application (5.8ms)
Completed 200 OK in 557ms (Views: 58.8ms | ActiveRecord: 0.6ms)


Started POST "/users" for 127.0.0.1 at 2018-07-04 14:37:10 +0530
Processing by Devise::RegistrationsController#create as HTML
  Parameters: {"utf8"=>"✓", "authenticity_token"=>"jTkS3+j/4FUs7zMpuQ8yfxKDInvkZ3nLRTas9/W/B7uaiSw1MnLrQzQmXHV4a08/cpkAGww1AeH3PWMm6shXjw==", "user"=>{"email"=>"nag@gmail.com", "password"=>"[FILTERED]", "password_confirmation"=>"[FILTERED]"}, "commit"=>"Sign up"}
  [1m[36m (0.1ms)[0m  [1mbegin transaction[0m
  [1m[35mUser Exists (0.2ms)[0m  SELECT  1 AS one FROM "users" WHERE "users"."email" = 'nag@gmail.com' LIMIT 1
  [1m[36mSQL (0.4ms)[0m  [1mINSERT INTO "users" ("email", "encrypted_password", "created_at", "updated_at") VALUES (?, ?, ?, ?)[0m  [["email", "nag@gmail.com"], ["encrypted_password", "$2a$10$b0v9jM.Rp.O4IzutCy7kNeVzupzjpDPQ0e/B1Iz3tyGnZeQNZ8V3K"], ["created_at", "2018-07-04 09:07:10.859898"], ["updated_at", "2018-07-04 09:07:10.859898"]]
  [1m[35m (203.9ms)[0m  commit transaction
  [1m[36m (0.1ms)[0m  [1mbegin transaction[0m
  [1m[35mSQL (0.4ms)[0m  UPDATE "users" SET "last_sign_in_at" = ?, "current_sign_in_at" = ?, "last_sign_in_ip" = ?, "current_sign_in_ip" = ?, "sign_in_count" = ?, "updated_at" = ? WHERE "users"."id" = ?  [["last_sign_in_at", "2018-07-04 09:07:11.066763"], ["current_sign_in_at", "2018-07-04 09:07:11.066763"], ["last_sign_in_ip", "127.0.0.1"], ["current_sign_in_ip", "127.0.0.1"], ["sign_in_count", 1], ["updated_at", "2018-07-04 09:07:11.067717"], ["id", 3]]
  [1m[36m (148.1ms)[0m  [1mcommit transaction[0m
Redirected to http://localhost:3000/
Completed 302 Found in 586ms (ActiveRecord: 353.1ms)


Started GET "/" for 127.0.0.1 at 2018-07-04 14:37:11 +0530
Processing by HomeController#index as HTML
  [1m[35mUser Load (0.4ms)[0m  SELECT  "users".* FROM "users" WHERE "users"."id" = ?  ORDER BY "users"."id" ASC LIMIT 1  [["id", 3]]
  Rendered home/index.html.erb within layouts/application (2.6ms)
Completed 200 OK in 51ms (Views: 49.7ms | ActiveRecord: 0.4ms)


Started POST "/users/enable_otp" for 127.0.0.1 at 2018-07-04 14:37:16 +0530
Processing by UsersController#enable_otp as HTML
  Parameters: {"authenticity_token"=>"TBFliwro2Ok7ERUfLkHWL0U9VIu4CQEH9mGturguaNNboVth0GXT/yPYekPvJatvJSd261BbeS1EamJrp1k45w=="}
  [1m[36mUser Load (0.1ms)[0m  [1mSELECT  "users".* FROM "users" WHERE "users"."id" = ?  ORDER BY "users"."id" ASC LIMIT 1[0m  [["id", 3]]
Completed 500 Internal Server Error in 5ms (ActiveRecord: 0.1ms)

ArgumentError (must specify a key):
  app/controllers/users_controller.rb:9:in `enable_otp'


  Rendered /home/nagender/.rvm/gems/ruby-2.1.5/gems/actionpack-4.2.7.1/lib/action_dispatch/middleware/templates/rescues/_source.erb (8.4ms)
  Rendered /home/nagender/.rvm/gems/ruby-2.1.5/gems/actionpack-4.2.7.1/lib/action_dispatch/middleware/templates/rescues/_trace.html.erb (3.5ms)
  Rendered /home/nagender/.rvm/gems/ruby-2.1.5/gems/actionpack-4.2.7.1/lib/action_dispatch/middleware/templates/rescues/_request_and_response.html.erb (1.6ms)
  Rendered /home/nagender/.rvm/gems/ruby-2.1.5/gems/actionpack-4.2.7.1/lib/action_dispatch/middleware/templates/rescues/diagnostics.html.erb within rescues/layout (32.5ms)


Started DELETE "/users/sign_out" for 127.0.0.1 at 2018-07-04 14:37:28 +0530
Processing by Devise::SessionsController#destroy as HTML
  Parameters: {"authenticity_token"=>"TBFliwro2Ok7ERUfLkHWL0U9VIu4CQEH9mGturguaNNboVth0GXT/yPYekPvJatvJSd261BbeS1EamJrp1k45w=="}
  [1m[35mUser Load (0.3ms)[0m  SELECT  "users".* FROM "users" WHERE "users"."id" = ?  ORDER BY "users"."id" ASC LIMIT 1  [["id", 3]]
  [1m[36m (0.1ms)[0m  [1mbegin transaction[0m
  [1m[35m (0.1ms)[0m  commit transaction
Redirected to http://localhost:3000/
Completed 302 Found in 9ms (ActiveRecord: 0.4ms)


Started GET "/" for 127.0.0.1 at 2018-07-04 14:37:28 +0530
Processing by HomeController#index as HTML
  Rendered home/index.html.erb within layouts/application (1.0ms)
Completed 200 OK in 53ms (Views: 51.7ms | ActiveRecord: 0.0ms)


Started GET "/users/sign_in" for 127.0.0.1 at 2018-07-04 14:37:30 +0530
Processing by Devise::SessionsController#new as HTML
  Rendered devise/shared/_links.erb (0.7ms)
  Rendered devise/sessions/new.html.erb within layouts/application (20.9ms)
Completed 200 OK in 86ms (Views: 84.0ms | ActiveRecord: 0.0ms)


Started POST "/users/sign_in" for 127.0.0.1 at 2018-07-04 14:37:45 +0530
Processing by Devise::SessionsController#create as HTML
  Parameters: {"utf8"=>"✓", "authenticity_token"=>"To2JWep3Tfdkk+gGtpbXcJOUU8lIpWLHlXUgdFtgZ1OO+I4ZE/87AOsxEnleuwA074lMtGv4hGU7uBnUOoFO8Q==", "user"=>{"email"=>"nag@gmail.com", "password"=>"[FILTERED]", "otp_attempt"=>"", "remember_me"=>"0"}, "commit"=>"Sign in"}
  [1m[36mUser Load (0.3ms)[0m  [1mSELECT  "users".* FROM "users" WHERE "users"."email" = ?  ORDER BY "users"."id" ASC LIMIT 1[0m  [["email", "nag@gmail.com"]]
  [1m[35mCACHE (0.0ms)[0m  SELECT  "users".* FROM "users" WHERE "users"."email" = ?  ORDER BY "users"."id" ASC LIMIT 1  [["email", "nag@gmail.com"]]
  [1m[36m (0.1ms)[0m  [1mbegin transaction[0m
  [1m[35mSQL (0.3ms)[0m  UPDATE "users" SET "current_sign_in_at" = ?, "sign_in_count" = ?, "updated_at" = ? WHERE "users"."id" = ?  [["current_sign_in_at", "2018-07-04 09:07:46.138199"], ["sign_in_count", 2], ["updated_at", "2018-07-04 09:07:46.139227"], ["id", 3]]
  [1m[36m (142.5ms)[0m  [1mcommit transaction[0m
Redirected to http://localhost:3000/
Completed 302 Found in 353ms (ActiveRecord: 143.2ms)


Started GET "/" for 127.0.0.1 at 2018-07-04 14:37:46 +0530
Processing by HomeController#index as HTML
  [1m[35mUser Load (0.2ms)[0m  SELECT  "users".* FROM "users" WHERE "users"."id" = ?  ORDER BY "users"."id" ASC LIMIT 1  [["id", 3]]
  Rendered home/index.html.erb within layouts/application (1.9ms)
Completed 200 OK in 61ms (Views: 59.9ms | ActiveRecord: 0.2ms)


Started DELETE "/users/sign_out" for 127.0.0.1 at 2018-07-04 14:37:49 +0530
Processing by Devise::SessionsController#destroy as HTML
  Parameters: {"authenticity_token"=>"/M2GIHX/x7h3qiW0qAUwTLiPMeTazE8JniiPOELWBbwhwbOtszSOTMqYo4rmur77dGevgxeh29rQN6rqU7dyDQ=="}
  [1m[36mUser Load (0.1ms)[0m  [1mSELECT  "users".* FROM "users" WHERE "users"."id" = ?  ORDER BY "users"."id" ASC LIMIT 1[0m  [["id", 3]]
  [1m[35m (0.1ms)[0m  begin transaction
  [1m[36m (0.1ms)[0m  [1mcommit transaction[0m
Redirected to http://localhost:3000/
Completed 302 Found in 4ms (ActiveRecord: 0.3ms)


Started GET "/" for 127.0.0.1 at 2018-07-04 14:37:49 +0530
Processing by HomeController#index as HTML
  Rendered home/index.html.erb within layouts/application (0.7ms)
Completed 200 OK in 53ms (Views: 51.5ms | ActiveRecord: 0.0ms)


Started GET "/users/sign_in" for 127.0.0.1 at 2018-07-04 14:37:51 +0530
Processing by Devise::SessionsController#new as HTML
  Rendered devise/shared/_links.erb (0.5ms)
  Rendered devise/sessions/new.html.erb within layouts/application (7.4ms)
Completed 200 OK in 59ms (Views: 57.0ms | ActiveRecord: 0.0ms)


Started POST "/users/sign_in" for 127.0.0.1 at 2018-07-04 14:38:03 +0530
Processing by Devise::SessionsController#create as HTML
  Parameters: {"utf8"=>"✓", "authenticity_token"=>"GhOiu+TwEteV3OFdoPNQ1JMIgMA608x3deCOYDS6iTm1oPFEsSGYZWIfk1IumOTz8EpV8FrXwyuCy78viJo3mQ==", "user"=>{"email"=>"nag1@gmail.com", "password"=>"[FILTERED]", "otp_attempt"=>"", "remember_me"=>"0"}, "commit"=>"Sign in"}
  [1m[35mUser Load (0.1ms)[0m  SELECT  "users".* FROM "users" WHERE "users"."email" = ?  ORDER BY "users"."id" ASC LIMIT 1  [["email", "nag1@gmail.com"]]
Completed 401 Unauthorized in 2ms (ActiveRecord: 0.1ms)
Processing by Devise::SessionsController#new as HTML
  Parameters: {"utf8"=>"✓", "authenticity_token"=>"GhOiu+TwEteV3OFdoPNQ1JMIgMA608x3deCOYDS6iTm1oPFEsSGYZWIfk1IumOTz8EpV8FrXwyuCy78viJo3mQ==", "user"=>{"email"=>"nag1@gmail.com", "password"=>"[FILTERED]", "otp_attempt"=>"", "remember_me"=>"0"}, "commit"=>"Sign in"}
  Rendered devise/shared/_links.erb (0.4ms)
  Rendered devise/sessions/new.html.erb within layouts/application (4.0ms)
Completed 200 OK in 217ms (Views: 59.3ms | ActiveRecord: 0.0ms)


Started GET "/" for 127.0.0.1 at 2018-07-04 14:44:39 +0530
Processing by HomeController#index as HTML
  Rendered home/index.html.erb within layouts/application (1.2ms)
Completed 500 Internal Server Error in 5ms (ActiveRecord: 0.0ms)

SyntaxError (/home/nagender/rails_projects/demo/app/views/home/index.html.erb:23: syntax error, unexpected keyword_ensure, expecting end-of-input):
  app/views/home/index.html.erb:23: syntax error, unexpected keyword_ensure, expecting end-of-input


  Rendered /home/nagender/.rvm/gems/ruby-2.1.5/gems/actionpack-4.2.7.1/lib/action_dispatch/middleware/templates/rescues/_source.erb (16.6ms)
  Rendered /home/nagender/.rvm/gems/ruby-2.1.5/gems/actionpack-4.2.7.1/lib/action_dispatch/middleware/templates/rescues/_trace.html.erb (3.9ms)
  Rendered /home/nagender/.rvm/gems/ruby-2.1.5/gems/actionpack-4.2.7.1/lib/action_dispatch/middleware/templates/rescues/_request_and_response.html.erb (1.5ms)
  Rendered /home/nagender/.rvm/gems/ruby-2.1.5/gems/actionpack-4.2.7.1/lib/action_dispatch/middleware/templates/rescues/diagnostics.html.erb within rescues/layout (39.5ms)


Started GET "/" for 127.0.0.1 at 2018-07-04 14:44:59 +0530
Processing by HomeController#index as HTML
  Rendered home/index.html.erb within layouts/application (1.9ms)
Completed 200 OK in 53ms (Views: 52.2ms | ActiveRecord: 0.0ms)


Started GET "/" for 127.0.0.1 at 2018-07-04 14:45:24 +0530
Processing by HomeController#index as HTML
  Rendered home/index.html.erb within layouts/application (1.9ms)
Completed 200 OK in 52ms (Views: 51.4ms | ActiveRecord: 0.0ms)


Started GET "/users/sign_up" for 127.0.0.1 at 2018-07-04 14:45:26 +0530
Processing by Devise::RegistrationsController#new as HTML
  Rendered devise/shared/_links.erb (0.7ms)
  Rendered devise/registrations/new.html.erb within layouts/application (5.3ms)
Completed 200 OK in 58ms (Views: 56.7ms | ActiveRecord: 0.0ms)


Started GET "/users/sign_in" for 127.0.0.1 at 2018-07-04 14:45:29 +0530
Processing by Devise::SessionsController#new as HTML
  Rendered devise/shared/_links.erb (0.6ms)
  Rendered devise/sessions/new.html.erb within layouts/application (7.6ms)
Completed 200 OK in 66ms (Views: 64.8ms | ActiveRecord: 0.0ms)


Started POST "/users/sign_in" for 127.0.0.1 at 2018-07-04 14:45:37 +0530
Processing by Devise::SessionsController#create as HTML
  Parameters: {"utf8"=>"✓", "authenticity_token"=>"PBXg33+ChvqncHYVDYqD/XK/cC/h9BKTPOVpC0jtYkyTprMgKlMMSFCzBBqD4TfaEf2lH4HwHc/LzlhE9M3c7A==", "user"=>{"email"=>"nag@gmail.com", "password"=>"[FILTERED]", "remember_me"=>"0"}, "commit"=>"Sign in"}
  [1m[36mUser Load (0.1ms)[0m  [1mSELECT  "users".* FROM "users" WHERE "users"."email" = ?  ORDER BY "users"."id" ASC LIMIT 1[0m  [["email", "nag@gmail.com"]]
  [1m[35mCACHE (0.0ms)[0m  SELECT  "users".* FROM "users" WHERE "users"."email" = ?  ORDER BY "users"."id" ASC LIMIT 1  [["email", "nag@gmail.com"]]
  [1m[36m (0.2ms)[0m  [1mbegin transaction[0m
  [1m[35mSQL (0.3ms)[0m  UPDATE "users" SET "last_sign_in_at" = ?, "current_sign_in_at" = ?, "sign_in_count" = ?, "updated_at" = ? WHERE "users"."id" = ?  [["last_sign_in_at", "2018-07-04 09:07:46.138199"], ["current_sign_in_at", "2018-07-04 09:15:37.846614"], ["sign_in_count", 3], ["updated_at", "2018-07-04 09:15:37.847769"], ["id", 3]]
  [1m[36m (302.2ms)[0m  [1mcommit transaction[0m
Redirected to http://localhost:3000/
Completed 302 Found in 469ms (ActiveRecord: 302.8ms)


Started GET "/" for 127.0.0.1 at 2018-07-04 14:45:38 +0530
Processing by HomeController#index as HTML
  [1m[35mUser Load (0.2ms)[0m  SELECT  "users".* FROM "users" WHERE "users"."id" = ?  ORDER BY "users"."id" ASC LIMIT 1  [["id", 3]]
  Rendered home/index.html.erb within layouts/application (2.2ms)
Completed 200 OK in 53ms (Views: 52.3ms | ActiveRecord: 0.2ms)


Started GET "/users/edit" for 127.0.0.1 at 2018-07-04 14:45:42 +0530
Processing by Devise::RegistrationsController#edit as HTML
  [1m[36mUser Load (0.2ms)[0m  [1mSELECT  "users".* FROM "users" WHERE "users"."id" = ?  ORDER BY "users"."id" ASC LIMIT 1[0m  [["id", 3]]
  Rendered devise/registrations/edit.html.erb within layouts/application (6.7ms)
Completed 200 OK in 59ms (Views: 57.0ms | ActiveRecord: 0.2ms)


Started GET "/" for 127.0.0.1 at 2018-07-04 14:46:47 +0530
Processing by HomeController#index as HTML
  [1m[35mUser Load (0.2ms)[0m  SELECT  "users".* FROM "users" WHERE "users"."id" = ?  ORDER BY "users"."id" ASC LIMIT 1  [["id", 3]]
  Rendered home/index.html.erb within layouts/application (2.2ms)
Completed 200 OK in 62ms (Views: 61.4ms | ActiveRecord: 0.2ms)


Started DELETE "/users/sign_out" for 127.0.0.1 at 2018-07-04 14:46:49 +0530
Processing by Devise::SessionsController#destroy as HTML
  Parameters: {"authenticity_token"=>"g6bHvfDqDK9TD3Qmr60HQWWDNruxAcjMbbS/vmCuHfHqImiFGdWbdKFKep0B7cNYkAQt+bPLXoxBWAobRNHqXg=="}
  [1m[36mUser Load (0.2ms)[0m  [1mSELECT  "users".* FROM "users" WHERE "users"."id" = ?  ORDER BY "users"."id" ASC LIMIT 1[0m  [["id", 3]]
  [1m[35m (0.2ms)[0m  begin transaction
  [1m[36m (0.1ms)[0m  [1mcommit transaction[0m
Redirected to http://localhost:3000/
Completed 302 Found in 6ms (ActiveRecord: 0.5ms)


Started GET "/" for 127.0.0.1 at 2018-07-04 14:46:49 +0530
Processing by HomeController#index as HTML
  Rendered home/index.html.erb within layouts/application (1.3ms)
Completed 200 OK in 55ms (Views: 53.8ms | ActiveRecord: 0.0ms)


Started GET "/users/sign_up" for 127.0.0.1 at 2018-07-04 14:46:52 +0530
Processing by Devise::RegistrationsController#new as HTML
  Rendered devise/shared/_links.erb (0.4ms)
  Rendered devise/registrations/new.html.erb within layouts/application (4.3ms)
Completed 200 OK in 56ms (Views: 54.2ms | ActiveRecord: 0.0ms)


Started POST "/users" for 127.0.0.1 at 2018-07-04 14:47:17 +0530
Processing by Devise::RegistrationsController#create as HTML
  Parameters: {"utf8"=>"✓", "authenticity_token"=>"YRQOkLUJzVZdxVbbo98TiHsCLf1NsSolvs+pAd8BTrzOkbHFfp7FaNt/TxFArf1rwb5oxDJxgXZpCV16y0iJMw==", "user"=>{"email"=>"nagendra1@gmail.com", "password"=>"[FILTERED]", "password_confirmation"=>"[FILTERED]"}, "commit"=>"Sign up"}
  [1m[35m (0.1ms)[0m  begin transaction
  [1m[36mUser Exists (0.2ms)[0m  [1mSELECT  1 AS one FROM "users" WHERE "users"."email" = 'nagendra1@gmail.com' LIMIT 1[0m
  [1m[35mSQL (0.2ms)[0m  INSERT INTO "users" ("email", "encrypted_password", "created_at", "updated_at") VALUES (?, ?, ?, ?)  [["email", "nagendra1@gmail.com"], ["encrypted_password", "$2a$10$a1VuIjT9/zNPQMQPZ49xkO1RFbWBqVllkjykF85QsryJ0seCTO282"], ["created_at", "2018-07-04 09:17:17.947319"], ["updated_at", "2018-07-04 09:17:17.947319"]]
  [1m[36m (149.0ms)[0m  [1mcommit transaction[0m
  [1m[35m (0.1ms)[0m  begin transaction
  [1m[36mSQL (0.2ms)[0m  [1mUPDATE "users" SET "last_sign_in_at" = ?, "current_sign_in_at" = ?, "last_sign_in_ip" = ?, "current_sign_in_ip" = ?, "sign_in_count" = ?, "updated_at" = ? WHERE "users"."id" = ?[0m  [["last_sign_in_at", "2018-07-04 09:17:18.098684"], ["current_sign_in_at", "2018-07-04 09:17:18.098684"], ["last_sign_in_ip", "127.0.0.1"], ["current_sign_in_ip", "127.0.0.1"], ["sign_in_count", 1], ["updated_at", "2018-07-04 09:17:18.099539"], ["id", 4]]
  [1m[35m (175.4ms)[0m  commit transaction
Redirected to http://localhost:3000/
Completed 302 Found in 496ms (ActiveRecord: 325.2ms)


Started GET "/" for 127.0.0.1 at 2018-07-04 14:47:18 +0530
Processing by HomeController#index as HTML
  [1m[36mUser Load (0.2ms)[0m  [1mSELECT  "users".* FROM "users" WHERE "users"."id" = ?  ORDER BY "users"."id" ASC LIMIT 1[0m  [["id", 4]]
  Rendered home/index.html.erb within layouts/application (2.2ms)
Completed 200 OK in 61ms (Views: 60.1ms | ActiveRecord: 0.2ms)


Started DELETE "/users/sign_out" for 127.0.0.1 at 2018-07-04 14:47:29 +0530
Processing by Devise::SessionsController#destroy as HTML
  Parameters: {"authenticity_token"=>"oek1OXJTXjpPCeC/chRAto/H7UZT5pXWQH9VPopd6sEObIpsucRWBMmz+XWRZq5VNXuofywmPoWXuaFFnhQtTg=="}
  [1m[35mUser Load (0.2ms)[0m  SELECT  "users".* FROM "users" WHERE "users"."id" = ?  ORDER BY "users"."id" ASC LIMIT 1  [["id", 4]]
  [1m[36m (0.1ms)[0m  [1mbegin transaction[0m
  [1m[35m (0.1ms)[0m  commit transaction
Redirected to http://localhost:3000/
Completed 302 Found in 6ms (ActiveRecord: 0.4ms)


Started GET "/" for 127.0.0.1 at 2018-07-04 14:47:30 +0530
Processing by HomeController#index as HTML
  Rendered home/index.html.erb within layouts/application (0.8ms)
Completed 200 OK in 51ms (Views: 50.2ms | ActiveRecord: 0.0ms)
  [1m[36m (373.9ms)[0m  [1mCREATE TABLE `schema_migrations` (`version` varchar(255) NOT NULL) ENGINE=InnoDB[0m
  [1m[35m (637.1ms)[0m  CREATE UNIQUE INDEX `unique_schema_migrations`  ON `schema_migrations` (`version`) 
  [1m[36mActiveRecord::SchemaMigration Load (0.3ms)[0m  [1mSELECT `schema_migrations`.* FROM `schema_migrations`[0m
Migrating to DeviseCreateUsers (20140515190128)
DEPRECATION WARNING: `#timestamps` was called without specifying an option for `null`. In Rails 5, this behavior will change to `null: false`. You should manually specify `null: true` to prevent the behavior of your existing migrations from changing. (called from block in change at /home/nagender/rails_projects/demo/db/migrate/20140515190128_devise_create_users.rb:34)
  [1m[35m (349.1ms)[0m  CREATE TABLE `users` (`id` int(11) auto_increment PRIMARY KEY, `email` varchar(255) DEFAULT '' NOT NULL, `encrypted_password` varchar(255) DEFAULT '' NOT NULL, `reset_password_token` varchar(255), `reset_password_sent_at` datetime, `remember_created_at` datetime, `sign_in_count` int(11) DEFAULT 0 NOT NULL, `current_sign_in_at` datetime, `last_sign_in_at` datetime, `current_sign_in_ip` varchar(255), `last_sign_in_ip` varchar(255), `created_at` datetime, `updated_at` datetime) ENGINE=InnoDB
  [1m[36m (322.4ms)[0m  [1mCREATE UNIQUE INDEX `index_users_on_email`  ON `users` (`email`) [0m
  [1m[35m (344.6ms)[0m  CREATE UNIQUE INDEX `index_users_on_reset_password_token`  ON `users` (`reset_password_token`) 
  [1m[36m (0.2ms)[0m  [1mBEGIN[0m
  [1m[35mSQL (0.4ms)[0m  INSERT INTO `schema_migrations` (`version`) VALUES ('20140515190128')
  [1m[36m (38.5ms)[0m  [1mCOMMIT[0m
Migrating to AddDeviseTwoFactorToUsers (20140516191259)
  [1m[35m (1169.8ms)[0m  ALTER TABLE `users` ADD `encrypted_otp_secret` varchar(255)
  [1m[36m (715.9ms)[0m  [1mALTER TABLE `users` ADD `encrypted_otp_secret_iv` varchar(255)[0m
  [1m[35m (758.3ms)[0m  ALTER TABLE `users` ADD `encrypted_otp_secret_salt` varchar(255)
  [1m[36m (749.4ms)[0m  [1mALTER TABLE `users` ADD `consumed_timestep` int(11)[0m
  [1m[35m (758.2ms)[0m  ALTER TABLE `users` ADD `otp_required_for_login` tinyint(1)
  [1m[36m (0.2ms)[0m  [1mBEGIN[0m
  [1m[35mSQL (0.2ms)[0m  INSERT INTO `schema_migrations` (`version`) VALUES ('20140516191259')
  [1m[36m (42.9ms)[0m  [1mCOMMIT[0m
  [1m[35mActiveRecord::SchemaMigration Load (0.2ms)[0m  SELECT `schema_migrations`.* FROM `schema_migrations`
  [1m[36m (0.3ms)[0m  [1mSELECT fk.referenced_table_name as 'to_table'
      ,fk.referenced_column_name as 'primary_key'
      ,fk.column_name as 'column'
      ,fk.constraint_name as 'name'
FROM information_schema.key_column_usage fk
WHERE fk.referenced_column_name is not null
  AND fk.table_schema = 'demo_pro'
  AND fk.table_name = 'users'
[0m
  [1m[35m (0.2ms)[0m  SHOW CREATE TABLE `users`


Started GET "/" for 127.0.0.1 at 2018-07-04 15:02:16 +0530
  [1m[36mActiveRecord::SchemaMigration Load (0.4ms)[0m  [1mSELECT `schema_migrations`.* FROM `schema_migrations`[0m
Processing by HomeController#index as HTML
  Rendered home/index.html.erb within layouts/application (8.4ms)
Completed 200 OK in 117ms (Views: 96.4ms | ActiveRecord: 0.0ms)


Started GET "/users/sign_up" for 127.0.0.1 at 2018-07-04 15:02:18 +0530
Processing by Devise::RegistrationsController#new as HTML
  Rendered devise/shared/_links.erb (1.7ms)
  Rendered devise/registrations/new.html.erb within layouts/application (30.4ms)
Completed 200 OK in 103ms (Views: 82.0ms | ActiveRecord: 0.6ms)
